<?xml version="1.0" encoding="UTF-8"?>
<!-- Generated by org.testng.reporters.JUnitReportReporter -->
<testsuite hostname="Prashant" failures="0" tests="4" name="api.tests.UserTests" time="8.675" errors="0" timestamp="2025-06-27T22:41:47 EDT" skipped="0">
  <testcase classname="api.tests.UserTests" name="testPostUser" time="1.643"/>
  <testcase classname="api.tests.UserTests" name="testGetUser" time="3.535"/>
  <testcase classname="api.tests.UserTests" name="testUpdateUser" time="3.347"/>
  <testcase classname="api.tests.UserTests" name="testDeleteUser" time="0.150"/>
</testsuite> <!-- api.tests.UserTests -->
