<?xml version="1.0" encoding="UTF-8"?>
<!-- Generated by org.testng.reporters.JUnitReportReporter -->
<testsuite hostname="Prashant" failures="0" tests="4" name="api.tests.TC230_StoreTests" time="2.857" errors="0" timestamp="2025-06-30T13:09:10 EDT" skipped="0">
  <testcase classname="api.tests.TC230_StoreTests" name="testPostOrder" time="2.373"/>
  <testcase classname="api.tests.TC230_StoreTests" name="testGetOrder" time="0.181"/>
  <testcase classname="api.tests.TC230_StoreTests" name="testGetInventory" time="0.158"/>
  <testcase classname="api.tests.TC230_StoreTests" name="testDeleteOrder" time="0.145"/>
</testsuite> <!-- api.tests.TC230_StoreTests -->
