<?xml version="1.0" encoding="UTF-8"?>
<!-- Generated by org.testng.reporters.JUnitReportReporter -->
<testsuite hostname="Prashant" failures="0" tests="4" name="api.tests.TC230_StoreTests" time="2.162" errors="0" timestamp="2025-06-30T13:37:47 EDT" skipped="0">
  <testcase classname="api.tests.TC230_StoreTests" name="testPostOrder" time="1.704"/>
  <testcase classname="api.tests.TC230_StoreTests" name="testGetOrder" time="0.164"/>
  <testcase classname="api.tests.TC230_StoreTests" name="testGetInventory" time="0.155"/>
  <testcase classname="api.tests.TC230_StoreTests" name="testDeleteOrder" time="0.139"/>
</testsuite> <!-- api.tests.TC230_StoreTests -->
